
> @org/source@0.0.0 start
> npx nx run-many --target=serve --output-style=stream-without-prefixes


 NX   Running target serve for 4 projects and 7 tasks they depend on:

- @org/product-service
- @org/auth-service
- @org/user-service
- @org/api-gateway



> nx run @org/shared:build  [existing outputs match the cache, left as is]

> tsc --build tsconfig.lib.json


> nx run @org/product-service:build:production  [existing outputs match the cache, left as is]

> nx run @org/product-service:build:production

Waiting for @org/product-service:serve:development in another nx process

> nx run @org/database:build  [existing outputs match the cache, left as is]

> nx run @org/database:build

Compiling TypeScript files for project "@org/database"...
Done compiling TypeScript files for project "@org/database".

> nx run @org/api-gateway:build:production  [existing outputs match the cache, left as is]


> nx run @org/redis:build  [existing outputs match the cache, left as is]

> tsc --build tsconfig.lib.json

Waiting for @org/api-gateway:serve:development in another nx process

> nx run @org/user-service:build:production  [existing outputs match the cache, left as is]

> nx run @org/user-service:build:production


> nx run @org/auth-service:build:production  [existing outputs match the cache, left as is]

> nx run @org/auth-service:build:production


> nx run @org/user-service:serve:development

Waiting for @org/auth-service:serve:development in another nx process
[ [32mwatch[39m ] build succeeded, watching for changes...
[1m[31mDebugger listening on ws://localhost:9229/100c567f-b9b0-4e08-97b2-796b7a8334b5[39m[22m
[1m[31m[39m[22m
[1m[31mDebugger listening on ws://localhost:9229/100c567f-b9b0-4e08-97b2-796b7a8334b5[39m[22m
[1m[31mFor help, see: https://nodejs.org/en/docs/inspector[39m[22m
[1m[31m[39m[22m
✅ [User Service] Running on http://14.225.44.169:6002
Task "@org/user-service:serve:development" is continuous but exited with code 129
