
 NX   Running target build for project @org/api-gateway and 1 task it depends on:



> nx run @org/shared:build  [existing outputs match the cache, left as is]


> nx run @org/api-gateway:build:production

[4m[34mlibs/database/src/index.ts:1:15[39m[24m - [31m[1merror[22m[39m [90mTS6307[39m: File '/opt/Microservice-Ecommerce-App/libs/database/src/prisma-client.ts' is not listed within the file list of project ''. Projects must list all files or use an 'include' pattern.
  The file is in the program because:
    Imported via './prisma-client.js' from file 'libs/database/src/index.ts'
    Imported via '../prisma-client.js' from file '/opt/Microservice-Ecommerce-App/libs/database/src/utils/permission.util.ts'
  File is ECMAScript module because '/opt/Microservice-Ecommerce-App/libs/database/package.json' has field "type" with value "module"
[0m[31m[1m>[22m[39m[90m 1 | [39m[36mexport[39m [33m*[39m from [32m'./prisma-client.js'[39m[33m;[39m[0m
[0m [90m   | [39m              [31m[1m^[22m[39m[0m
[0m [90m 2 | [39m[36mexport[39m [33m*[39m from [32m'./utils/password.util.js'[39m[33m;[39m[0m
[0m [90m 3 | [39m[36mexport[39m [33m*[39m from [32m'./utils/permission.util.js'[39m[33m;[39m[0m
[0m [90m 4 | [39m[0m
[4m[34mlibs/database/src/index.ts:3:15[39m[24m - [31m[1merror[22m[39m [90mTS6307[39m: File '/opt/Microservice-Ecommerce-App/libs/database/src/utils/permission.util.ts' is not listed within the file list of project ''. Projects must list all files or use an 'include' pattern.
  File is ECMAScript module because '/opt/Microservice-Ecommerce-App/libs/database/package.json' has field "type" with value "module"
[0m [90m 1 | [39m[36mexport[39m [33m*[39m from [32m'./prisma-client.js'[39m[33m;[39m[0m
[0m [90m 2 | [39m[36mexport[39m [33m*[39m from [32m'./utils/password.util.js'[39m[33m;[39m[0m
[0m[31m[1m>[22m[39m[90m 3 | [39m[36mexport[39m [33m*[39m from [32m'./utils/permission.util.js'[39m[33m;[39m[0m
[0m [90m   | [39m              [31m[1m^[22m[39m[0m
[0m [90m 4 | [39m[0m
[0m [90m 5 | [39m[0m
[4m[34mlibs/database/src/prisma-client.ts:2:30[39m[24m - [31m[1merror[22m[39m [90mTS6307[39m: File '/opt/Microservice-Ecommerce-App/libs/database/src/utils/password.util.ts' is not listed within the file list of project ''. Projects must list all files or use an 'include' pattern.
  The file is in the program because:
    Imported via './utils/password.util.js' from file '/opt/Microservice-Ecommerce-App/libs/database/src/prisma-client.ts'
    Imported via './utils/password.util.js' from file 'libs/database/src/index.ts'
  File is ECMAScript module because '/opt/Microservice-Ecommerce-App/libs/database/package.json' has field "type" with value "module"
[0m [90m 1 | [39m[36mimport[39m { [33mPrismaClient[39m } from [32m'../generated/client/index.js'[39m[33m;[39m[0m
[0m[31m[1m>[22m[39m[90m 2 | [39m[36mimport[39m { hashPassword } from [32m'./utils/password.util.js'[39m[33m;[39m[0m
[0m [90m   | [39m                             [31m[1m^[22m[39m[0m
[0m [90m 3 | [39m[0m
[0m [90m 4 | [39m[36mconst[39m prismaClientSingleton [33m=[39m () [33m=>[39m {[0m
[0m [90m 5 | [39m    [36mreturn[39m [36mnew[39m [33mPrismaClient[39m({[0m
[4m[34mlibs/database/src/index.ts:1:15[39m[24m - [31m[1merror[22m[39m [90mTS6307[39m: File '/opt/Microservice-Ecommerce-App/libs/database/src/prisma-client.ts' is not listed within the file list of project ''. Projects must list all files or use an 'include' pattern.
  The file is in the program because:
    Imported via './prisma-client.js' from file 'libs/database/src/index.ts'
    Imported via '../prisma-client.js' from file '/opt/Microservice-Ecommerce-App/libs/database/src/utils/permission.util.ts'
  File is ECMAScript module because '/opt/Microservice-Ecommerce-App/libs/database/package.json' has field "type" with value "module"
[0m[31m[1m>[22m[39m[90m 1 | [39m[36mexport[39m [33m*[39m from [32m'./prisma-client.js'[39m[33m;[39m[0m
[0m [90m   | [39m              [31m[1m^[22m[39m[0m
[0m [90m 2 | [39m[36mexport[39m [33m*[39m from [32m'./utils/password.util.js'[39m[33m;[39m[0m
[0m [90m 3 | [39m[36mexport[39m [33m*[39m from [32m'./utils/permission.util.js'[39m[33m;[39m[0m
[0m [90m 4 | [39m[0m
[4m[34mlibs/database/src/index.ts:3:15[39m[24m - [31m[1merror[22m[39m [90mTS6307[39m: File '/opt/Microservice-Ecommerce-App/libs/database/src/utils/permission.util.ts' is not listed within the file list of project ''. Projects must list all files or use an 'include' pattern.
  File is ECMAScript module because '/opt/Microservice-Ecommerce-App/libs/database/package.json' has field "type" with value "module"
[0m [90m 1 | [39m[36mexport[39m [33m*[39m from [32m'./prisma-client.js'[39m[33m;[39m[0m
[0m [90m 2 | [39m[36mexport[39m [33m*[39m from [32m'./utils/password.util.js'[39m[33m;[39m[0m
[0m[31m[1m>[22m[39m[90m 3 | [39m[36mexport[39m [33m*[39m from [32m'./utils/permission.util.js'[39m[33m;[39m[0m
[0m [90m   | [39m              [31m[1m^[22m[39m[0m
[0m [90m 4 | [39m[0m
[0m [90m 5 | [39m[0m
[4m[34mlibs/database/src/prisma-client.ts:2:30[39m[24m - [31m[1merror[22m[39m [90mTS6307[39m: File '/opt/Microservice-Ecommerce-App/libs/database/src/utils/password.util.ts' is not listed within the file list of project ''. Projects must list all files or use an 'include' pattern.
  The file is in the program because:
    Imported via './utils/password.util.js' from file '/opt/Microservice-Ecommerce-App/libs/database/src/prisma-client.ts'
    Imported via './utils/password.util.js' from file 'libs/database/src/index.ts'
  File is ECMAScript module because '/opt/Microservice-Ecommerce-App/libs/database/package.json' has field "type" with value "module"
[0m [90m 1 | [39m[36mimport[39m { [33mPrismaClient[39m } from [32m'../generated/client/index.js'[39m[33m;[39m[0m
[0m[31m[1m>[22m[39m[90m 2 | [39m[36mimport[39m { hashPassword } from [32m'./utils/password.util.js'[39m[33m;[39m[0m
[0m [90m   | [39m                             [31m[1m^[22m[39m[0m
[0m [90m 3 | [39m[0m
[0m [90m 4 | [39m[36mconst[39m prismaClientSingleton [33m=[39m () [33m=>[39m {[0m
[0m [90m 5 | [39m    [36mreturn[39m [36mnew[39m [33mPrismaClient[39m({[0m
Found 6 errors.



 NX   Running target build for project @org/api-gateway and 1 task it depends on failed

Failed tasks:

- @org/api-gateway:build:production

Hint: run the command with --verbose for more details.

